#
# There is insufficient memory for the Java Runtime Environment to continue.
# Native memory allocation (malloc) failed to allocate 82896 bytes for Chunk::new
# Possible reasons:
#   The system is out of physical RAM or swap space
#   In 32 bit mode, the process size limit was hit
# Possible solutions:
#   Reduce memory load on the system
#   Increase physical memory or swap space
#   Check if swap backing store is full
#   Use 64 bit Java on a 64 bit OS
#   Decrease Java heap size (-Xmx/-Xms)
#   Decrease number of Java threads
#   Decrease Java thread stack sizes (-Xss)
#   Set larger code cache with -XX:ReservedCodeCacheSize=
# This output file may be truncated or incomplete.
#
#  Out of Memory Error (allocation.cpp:323), pid=5620, tid=9192
#
# JRE version: Java(TM) SE Runtime Environment (7.0_65-b19) (build 1.7.0_65-b19)
# Java VM: Java HotSpot(TM) 64-Bit Server VM (24.65-b04 mixed mode windows-amd64 compressed oops)
# Failed to write core dump. Minidumps are not enabled by default on client versions of Windows
#

---------------  T H R E A D  ---------------

Current thread (0x00000000086e3000):  JavaThread "C2 CompilerThread0" daemon [_thread_in_native, id=9192, stack(0x0000000009c70000,0x0000000009d70000)]

Stack: [0x0000000009c70000,0x0000000009d70000]

Current CompileTask:
C2:   2210  532             com.android.dx.merge.DexMerger::transformClassDef (160 bytes)


---------------  P R O C E S S  ---------------

Java Threads: ( => current thread )
  0x00000000086ee000 JavaThread "Service Thread" daemon [_thread_blocked, id=8208, stack(0x0000000009e70000,0x0000000009f70000)]
  0x00000000086e6800 JavaThread "C2 CompilerThread1" daemon [_thread_in_native, id=5788, stack(0x0000000009d70000,0x0000000009e70000)]
=>0x00000000086e3000 JavaThread "C2 CompilerThread0" daemon [_thread_in_native, id=9192, stack(0x0000000009c70000,0x0000000009d70000)]
  0x00000000086e2000 JavaThread "Attach Listener" daemon [_thread_blocked, id=1812, stack(0x0000000009b70000,0x0000000009c70000)]
  0x00000000086df000 JavaThread "Signal Dispatcher" daemon [_thread_blocked, id=5324, stack(0x0000000009a70000,0x0000000009b70000)]
  0x00000000086af800 JavaThread "Finalizer" daemon [_thread_blocked, id=9184, stack(0x0000000009970000,0x0000000009a70000)]
  0x00000000086a6000 JavaThread "Reference Handler" daemon [_thread_blocked, id=8212, stack(0x0000000009870000,0x0000000009970000)]
  0x00000000027f0800 JavaThread "main" [_thread_in_Java, id=5496, stack(0x00000000026a0000,0x00000000027a0000)]

Other Threads:
  0x00000000086a1800 VMThread [stack: 0x0000000009770000,0x0000000009870000] [id=3956]
  0x000000000870f800 WatcherThread [stack: 0x0000000009f70000,0x000000000a070000] [id=8220]

VM state:not at safepoint (normal execution)

VM Mutex/Monitor currently owned by a thread: None

Heap
 PSYoungGen      total 103936K, used 16127K [0x00000000eaa80000, 0x00000000fad80000, 0x0000000100000000)
  eden space 100352K, 16% used [0x00000000eaa80000,0x00000000eba3fe38,0x00000000f0c80000)
  from space 3584K, 0% used [0x00000000f0c80000,0x00000000f0c80000,0x00000000f1000000)
  to   space 32256K, 0% used [0x00000000f8e00000,0x00000000f8e00000,0x00000000fad80000)
 ParOldGen       total 89600K, used 23573K [0x00000000c0000000, 0x00000000c5780000, 0x00000000eaa80000)
  object space 89600K, 26% used [0x00000000c0000000,0x00000000c17056c8,0x00000000c5780000)
 PSPermGen       total 21504K, used 6249K [0x00000000bae00000, 0x00000000bc300000, 0x00000000c0000000)
  object space 21504K, 29% used [0x00000000bae00000,0x00000000bb41a740,0x00000000bc300000)

Card table byte_map: [0x00000000058f0000,0x0000000005b20000] byte_map_base: 0x0000000005319000

Polling page: 0x0000000000c80000

Code Cache  [0x00000000028f0000, 0x0000000002b60000, 0x00000000058f0000)
 total_blobs=799 nmethods=542 adapters=209 free_code_cache=47712Kb largest_free_block=48810432

Compilation events (10 events):
Event: 2.200 Thread 0x00000000086e6800 nmethod 544 0x0000000002a38450 code [0x0000000002a38580, 0x0000000002a385d8]
Event: 2.200 Thread 0x00000000086e6800  545             com.android.dx.io.instructions.DecodedInstruction::getLiteralUnit (55 bytes)
Event: 2.200 Thread 0x00000000086e6800 nmethod 545 0x0000000002997510 code [0x0000000002997640, 0x00000000029976b8]
Event: 2.200 Thread 0x00000000086e6800  546             com.android.dx.io.instructions.InstructionCodec$11::decode (38 bytes)
Event: 2.203 Thread 0x00000000086e6800 nmethod 546 0x0000000002997090 code [0x00000000029971e0, 0x0000000002997398]
Event: 2.203 Thread 0x00000000086e6800  547             com.android.dx.io.instructions.InstructionCodec$11::encode (22 bytes)
Event: 2.205 Thread 0x00000000086e6800 nmethod 547 0x0000000002a5c9d0 code [0x0000000002a5cb20, 0x0000000002a5ccf8]
Event: 2.205 Thread 0x00000000086e6800  548             com.android.dx.io.instructions.InstructionCodec$15::decode (54 bytes)
Event: 2.207 Thread 0x00000000086e6800 nmethod 548 0x00000000029aeb90 code [0x00000000029aece0, 0x00000000029aee98]
Event: 2.207 Thread 0x00000000086e6800  549             com.android.dx.io.instructions.InstructionCodec$15::encode (29 bytes)

GC Heap History (10 events):
Event: 1.063 GC heap before
{Heap before GC invocations=2 (full 0):
 PSYoungGen      total 28672K, used 28661K [0x00000000eaa80000, 0x00000000ee280000, 0x0000000100000000)
  eden space 25088K, 100% used [0x00000000eaa80000,0x00000000ec300000,0x00000000ec300000)
  from space 3584K, 99% used [0x00000000ec300000,0x00000000ec67d7a8,0x00000000ec680000)
  to   space 3584K, 0% used [0x00000000edf00000,0x00000000edf00000,0x00000000ee280000)
 ParOldGen       total 64512K, used 5592K [0x00000000c0000000, 0x00000000c3f00000, 0x00000000eaa80000)
  object space 64512K, 8% used [0x00000000c0000000,0x00000000c0576200,0x00000000c3f00000)
 PSPermGen       total 21504K, used 6060K [0x00000000bae00000, 0x00000000bc300000, 0x00000000c0000000)
  object space 21504K, 28% used [0x00000000bae00000,0x00000000bb3eb160,0x00000000bc300000)
Event: 1.070 GC heap after
Heap after GC invocations=2 (full 0):
 PSYoungGen      total 53760K, used 3578K [0x00000000eaa80000, 0x00000000ee280000, 0x0000000100000000)
  eden space 50176K, 0% used [0x00000000eaa80000,0x00000000eaa80000,0x00000000edb80000)
  from space 3584K, 99% used [0x00000000edf00000,0x00000000ee27e9a8,0x00000000ee280000)
  to   space 3584K, 0% used [0x00000000edb80000,0x00000000edb80000,0x00000000edf00000)
 ParOldGen       total 64512K, used 11323K [0x00000000c0000000, 0x00000000c3f00000, 0x00000000eaa80000)
  object space 64512K, 17% used [0x00000000c0000000,0x00000000c0b0ec30,0x00000000c3f00000)
 PSPermGen       total 21504K, used 6060K [0x00000000bae00000, 0x00000000bc300000, 0x00000000c0000000)
  object space 21504K, 28% used [0x00000000bae00000,0x00000000bb3eb160,0x00000000bc300000)
}
Event: 1.548 GC heap before
{Heap before GC invocations=3 (full 0):
 PSYoungGen      total 53760K, used 53754K [0x00000000eaa80000, 0x00000000ee280000, 0x0000000100000000)
  eden space 50176K, 100% used [0x00000000eaa80000,0x00000000edb80000,0x00000000edb80000)
  from space 3584K, 99% used [0x00000000edf00000,0x00000000ee27e9a8,0x00000000ee280000)
  to   space 3584K, 0% used [0x00000000edb80000,0x00000000edb80000,0x00000000edf00000)
 ParOldGen       total 64512K, used 11323K [0x00000000c0000000, 0x00000000c3f00000, 0x00000000eaa80000)
  object space 64512K, 17% used [0x00000000c0000000,0x00000000c0b0ec30,0x00000000c3f00000)
 PSPermGen       total 21504K, used 6139K [0x00000000bae00000, 0x00000000bc300000, 0x00000000c0000000)
  object space 21504K, 28% used [0x00000000bae00000,0x00000000bb3fed80,0x00000000bc300000)
Event: 1.554 GC heap after
Heap after GC invocations=3 (full 0):
 PSYoungGen      total 53760K, used 3563K [0x00000000eaa80000, 0x00000000f1380000, 0x0000000100000000)
  eden space 50176K, 0% used [0x00000000eaa80000,0x00000000eaa80000,0x00000000edb80000)
  from space 3584K, 99% used [0x00000000edb80000,0x00000000edefadc8,0x00000000edf00000)
  to   space 3584K, 0% used [0x00000000f1000000,0x00000000f1000000,0x00000000f1380000)
 ParOldGen       total 64512K, used 13279K [0x00000000c0000000, 0x00000000c3f00000, 0x00000000eaa80000)
  object space 64512K, 20% used [0x00000000c0000000,0x00000000c0cf7d50,0x00000000c3f00000)
 PSPermGen       total 21504K, used 6139K [0x00000000bae00000, 0x00000000bc300000, 0x00000000c0000000)
  object space 21504K, 28% used [0x00000000bae00000,0x00000000bb3fed80,0x00000000bc300000)
}
Event: 1.775 GC heap before
{Heap before GC invocations=4 (full 0):
 PSYoungGen      total 53760K, used 53739K [0x00000000eaa80000, 0x00000000f1380000, 0x0000000100000000)
  eden space 50176K, 100% used [0x00000000eaa80000,0x00000000edb80000,0x00000000edb80000)
  from space 3584K, 99% used [0x00000000edb80000,0x00000000edefadc8,0x00000000edf00000)
  to   space 3584K, 0% used [0x00000000f1000000,0x00000000f1000000,0x00000000f1380000)
 ParOldGen       total 64512K, used 13279K [0x00000000c0000000, 0x00000000c3f00000, 0x00000000eaa80000)
  object space 64512K, 20% used [0x00000000c0000000,0x00000000c0cf7d50,0x00000000c3f00000)
 PSPermGen       total 21504K, used 6237K [0x00000000bae00000, 0x00000000bc300000, 0x00000000c0000000)
  object space 21504K, 29% used [0x00000000bae00000,0x00000000bb417728,0x00000000bc300000)
Event: 1.783 GC heap after
Heap after GC invocations=4 (full 0):
 PSYoungGen      total 103936K, used 3575K [0x00000000eaa80000, 0x00000000f1380000, 0x0000000100000000)
  eden space 100352K, 0% used [0x00000000eaa80000,0x00000000eaa80000,0x00000000f0c80000)
  from space 3584K, 99% used [0x00000000f1000000,0x00000000f137dee8,0x00000000f1380000)
  to   space 3584K, 0% used [0x00000000f0c80000,0x00000000f0c80000,0x00000000f1000000)
 ParOldGen       total 64512K, used 23579K [0x00000000c0000000, 0x00000000c3f00000, 0x00000000eaa80000)
  object space 64512K, 36% used [0x00000000c0000000,0x00000000c1706d60,0x00000000c3f00000)
 PSPermGen       total 21504K, used 6237K [0x00000000bae00000, 0x00000000bc300000, 0x00000000c0000000)
  object space 21504K, 29% used [0x00000000bae00000,0x00000000bb417728,0x00000000bc300000)
}
Event: 2.096 GC heap before
{Heap before GC invocations=5 (full 0):
 PSYoungGen      total 103936K, used 103927K [0x00000000eaa80000, 0x00000000f1380000, 0x0000000100000000)
  eden space 100352K, 100% used [0x00000000eaa80000,0x00000000f0c80000,0x00000000f0c80000)
  from space 3584K, 99% used [0x00000000f1000000,0x00000000f137dee8,0x00000000f1380000)
  to   space 3584K, 0% used [0x00000000f0c80000,0x00000000f0c80000,0x00000000f1000000)
 ParOldGen       total 64512K, used 23579K [0x00000000c0000000, 0x00000000c3f00000, 0x00000000eaa80000)
  object space 64512K, 36% used [0x00000000c0000000,0x00000000c1706d60,0x00000000c3f00000)
 PSPermGen       total 21504K, used 6249K [0x00000000bae00000, 0x00000000bc300000, 0x00000000c0000000)
  object space 21504K, 29% used [0x00000000bae00000,0x00000000bb41a658,0x00000000bc300000)
Event: 2.115 GC heap after
Heap after GC invocations=5 (full 0):
 PSYoungGen      total 103936K, used 3576K [0x00000000eaa80000, 0x00000000fad80000, 0x0000000100000000)
  eden space 100352K, 0% used [0x00000000eaa80000,0x00000000eaa80000,0x00000000f0c80000)
  from space 3584K, 99% used [0x00000000f0c80000,0x00000000f0ffe1e8,0x00000000f1000000)
  to   space 32256K, 0% used [0x00000000f8e00000,0x00000000f8e00000,0x00000000fad80000)
 ParOldGen       total 64512K, used 56148K [0x00000000c0000000, 0x00000000c3f00000, 0x00000000eaa80000)
  object space 64512K, 87% used [0x00000000c0000000,0x00000000c36d5110,0x00000000c3f00000)
 PSPermGen       total 21504K, used 6249K [0x00000000bae00000, 0x00000000bc300000, 0x00000000c0000000)
  object space 21504K, 29% used [0x00000000bae00000,0x00000000bb41a658,0x00000000bc300000)
}
Event: 2.115 GC heap before
{Heap before GC invocations=6 (full 1):
 PSYoungGen      total 103936K, used 3576K [0x00000000eaa80000, 0x00000000fad80000, 0x0000000100000000)
  eden space 100352K, 0% used [0x00000000eaa80000,0x00000000eaa80000,0x00000000f0c80000)
  from space 3584K, 99% used [0x00000000f0c80000,0x00000000f0ffe1e8,0x00000000f1000000)
  to   space 32256K, 0% used [0x00000000f8e00000,0x00000000f8e00000,0x00000000fad80000)
 ParOldGen       total 64512K, used 56148K [0x00000000c0000000, 0x00000000c3f00000, 0x00000000eaa80000)
  object space 64512K, 87% used [0x00000000c0000000,0x00000000c36d5110,0x00000000c3f00000)
 PSPermGen       total 21504K, used 6249K [0x00000000bae00000, 0x00000000bc300000, 0x00000000c0000000)
  object space 21504K, 29% used [0x00000000bae00000,0x00000000bb41a658,0x00000000bc300000)
Event: 2.169 GC heap after
Heap after GC invocations=6 (full 1):
 PSYoungGen      total 103936K, used 0K [0x00000000eaa80000, 0x00000000fad80000, 0x0000000100000000)
  eden space 100352K, 0% used [0x00000000eaa80000,0x00000000eaa80000,0x00000000f0c80000)
  from space 3584K, 0% used [0x00000000f0c80000,0x00000000f0c80000,0x00000000f1000000)
  to   space 32256K, 0% used [0x00000000f8e00000,0x00000000f8e00000,0x00000000fad80000)
 ParOldGen       total 89600K, used 23573K [0x00000000c0000000, 0x00000000c5780000, 0x00000000eaa80000)
  object space 89600K, 26% used [0x00000000c0000000,0x00000000c17056c8,0x00000000c5780000)
 PSPermGen       total 21504K, used 6246K [0x00000000bae00000, 0x00000000bc300000, 0x00000000c0000000)
  object space 21504K, 29% used [0x00000000bae00000,0x00000000bb419b28,0x00000000bc300000)
}

Deoptimization events (10 events):
Event: 1.609 Thread 0x00000000027f0800 Uncommon trap: reason=predicate action=maybe_recompile pc=0x00000000029f7400 method=java.util.TimSort.binarySort([Ljava/lang/Object;IIILjava/util/Comparator;)V @ 37
Event: 1.766 Thread 0x00000000027f0800 Uncommon trap: reason=array_check action=maybe_recompile pc=0x0000000002a21c74 method=java.util.TimSort.binarySort([Ljava/lang/Object;IIILjava/util/Comparator;)V @ 193
Event: 1.766 Thread 0x00000000027f0800 Uncommon trap: reason=array_check action=maybe_recompile pc=0x0000000002a21c74 method=java.util.TimSort.binarySort([Ljava/lang/Object;IIILjava/util/Comparator;)V @ 193
Event: 1.766 Thread 0x00000000027f0800 Uncommon trap: reason=array_check action=maybe_recompile pc=0x0000000002a21c74 method=java.util.TimSort.binarySort([Ljava/lang/Object;IIILjava/util/Comparator;)V @ 193
Event: 1.766 Thread 0x00000000027f0800 Uncommon trap: reason=array_check action=maybe_recompile pc=0x0000000002a21d5c method=java.util.TimSort.binarySort([Ljava/lang/Object;IIILjava/util/Comparator;)V @ 183
Event: 1.766 Thread 0x00000000027f0800 Uncommon trap: reason=array_check action=maybe_recompile pc=0x0000000002a21c74 method=java.util.TimSort.binarySort([Ljava/lang/Object;IIILjava/util/Comparator;)V @ 193
Event: 1.828 Thread 0x00000000027f0800 Uncommon trap: reason=array_check action=maybe_recompile pc=0x0000000002a1cec0 method=java.util.ComparableTimSort.binarySort([Ljava/lang/Object;III)V @ 193
Event: 1.865 Thread 0x00000000027f0800 Uncommon trap: reason=array_check action=maybe_recompile pc=0x0000000002a319dc method=java.util.TimSort.binarySort([Ljava/lang/Object;IIILjava/util/Comparator;)V @ 215
Event: 1.865 Thread 0x00000000027f0800 Uncommon trap: reason=array_check action=maybe_recompile pc=0x0000000002a319dc method=java.util.TimSort.binarySort([Ljava/lang/Object;IIILjava/util/Comparator;)V @ 215
Event: 1.927 Thread 0x00000000027f0800 Uncommon trap: reason=array_check action=maybe_recompile pc=0x0000000002a1cec0 method=java.util.ComparableTimSort.binarySort([Ljava/lang/Object;III)V @ 193

Internal exceptions (2 events):
Event: 0.021 Thread 0x00000000027f0800 Threw 0x00000000eaa8b0f0 at C:\re\jdk7u65\1313\hotspot\src\share\vm\prims\jni.cpp:3991
Event: 0.512 Thread 0x00000000027f0800 Implicit null exception at 0x0000000002974200 to 0x00000000029748a1

Events (10 events):
Event: 1.927 Thread 0x00000000027f0800 Uncommon trap: trap_request=0xffffffd6 fr.pc=0x0000000002a1cec0
Event: 1.927 Thread 0x00000000027f0800 DEOPT PACKING pc=0x0000000002a1cec0 sp=0x000000000279ecb0
Event: 1.927 Thread 0x00000000027f0800 DEOPT UNPACKING pc=0x00000000029275a4 sp=0x000000000279ec78 mode 2
Event: 2.096 Executing VM operation: ParallelGCFailedAllocation
Event: 2.169 Executing VM operation: ParallelGCFailedAllocation done
Event: 2.189 Thread 0x00000000086e6800 flushing nmethod 0x0000000002981010
Event: 2.199 Thread 0x00000000086e6800 flushing nmethod 0x0000000002990b10
Event: 2.199 Thread 0x00000000086e6800 flushing nmethod 0x0000000002997090
Event: 2.199 Thread 0x00000000086e6800 flushing nmethod 0x000000000299b910
Event: 2.200 Thread 0x00000000086e6800 flushing nmethod 0x00000000029ae690


Dynamic libraries:
0x00007ff6ba020000 - 0x00007ff6ba053000 	C:\Windows\system32\java.exe
0x00007ffa71820000 - 0x00007ffa719c6000 	C:\Windows\SYSTEM32\ntdll.dll
0x00007ffa709a0000 - 0x00007ffa70ada000 	C:\Windows\system32\KERNEL32.DLL
0x00007ffa6edb0000 - 0x00007ffa6eebf000 	C:\Windows\system32\KERNELBASE.dll
0x00007ffa6d7a0000 - 0x00007ffa6d828000 	C:\Windows\system32\apphelp.dll
0x00007ffa624d0000 - 0x00007ffa6251f000 	C:\Windows\AppPatch\AppPatch64\AcGenral.DLL
0x00007ffa71180000 - 0x00007ffa71227000 	C:\Windows\system32\msvcrt.dll
0x00007ffa6ea40000 - 0x00007ffa6ea6b000 	C:\Windows\system32\SspiCli.dll
0x00007ffa70530000 - 0x00007ffa70581000 	C:\Windows\system32\SHLWAPI.dll
0x00007ffa706d0000 - 0x00007ffa70841000 	C:\Windows\system32\USER32.dll
0x00007ffa713a0000 - 0x00007ffa71518000 	C:\Windows\system32\ole32.dll
0x00007ffa6f0a0000 - 0x00007ffa704af000 	C:\Windows\system32\SHELL32.dll
0x00007ffa6e1e0000 - 0x00007ffa6e1fe000 	C:\Windows\system32\USERENV.dll
0x00007ffa71230000 - 0x00007ffa712d5000 	C:\Windows\system32\ADVAPI32.dll
0x00007ffa61e80000 - 0x00007ffa61e9b000 	C:\Windows\system32\MPR.dll
0x00007ffa70c80000 - 0x00007ffa70db7000 	C:\Windows\system32\RPCRT4.dll
0x00007ffa70670000 - 0x00007ffa706c7000 	C:\Windows\SYSTEM32\sechost.dll
0x00007ffa70dc0000 - 0x00007ffa70f96000 	C:\Windows\SYSTEM32\combase.dll
0x00007ffa716d0000 - 0x00007ffa71814000 	C:\Windows\system32\GDI32.dll
0x00007ffa6eb90000 - 0x00007ffa6eba4000 	C:\Windows\system32\profapi.dll
0x00007ffa6d1b0000 - 0x00007ffa6d24f000 	C:\Windows\system32\SHCORE.dll
0x00007ffa70630000 - 0x00007ffa70664000 	C:\Windows\system32\IMM32.DLL
0x00007ffa70860000 - 0x00007ffa70999000 	C:\Windows\system32\MSCTF.dll
0x00007ffa6c720000 - 0x00007ffa6c97a000 	C:\Windows\WinSxS\amd64_microsoft.windows.common-controls_6595b64144ccf1df_6.0.9600.17031_none_6242a4b3ecbb55a1\COMCTL32.dll
0x0000000055920000 - 0x00000000559f2000 	C:\Program Files\Java\jre7\bin\msvcr100.dll
0x0000000055140000 - 0x0000000055912000 	C:\Program Files\Java\jre7\bin\server\jvm.dll
0x00007ffa62900000 - 0x00007ffa62909000 	C:\Windows\system32\WSOCK32.dll
0x00007ffa674a0000 - 0x00007ffa674bf000 	C:\Windows\system32\WINMM.dll
0x00007ffa70850000 - 0x00007ffa70857000 	C:\Windows\system32\PSAPI.DLL
0x00007ffa71340000 - 0x00007ffa71398000 	C:\Windows\system32\WS2_32.dll
0x00007ffa67470000 - 0x00007ffa6749a000 	C:\Windows\system32\WINMMBASE.dll
0x00007ffa70510000 - 0x00007ffa70519000 	C:\Windows\system32\NSI.dll
0x00007ffa6ecb0000 - 0x00007ffa6ecfa000 	C:\Windows\SYSTEM32\cfgmgr32.dll
0x00007ffa6da00000 - 0x00007ffa6da26000 	C:\Windows\system32\DEVOBJ.dll
0x0000000055130000 - 0x000000005513f000 	C:\Program Files\Java\jre7\bin\verify.dll
0x0000000055100000 - 0x0000000055128000 	C:\Program Files\Java\jre7\bin\java.dll
0x00000000550e0000 - 0x00000000550f5000 	C:\Program Files\Java\jre7\bin\zip.dll
0x00000000550c0000 - 0x00000000550d9000 	C:\Program Files\Java\jre7\bin\net.dll
0x00007ffa6e430000 - 0x00007ffa6e488000 	C:\Windows\system32\mswsock.dll
0x00000000550a0000 - 0x00000000550b1000 	C:\Program Files\Java\jre7\bin\nio.dll

VM Arguments:
jvm_args: -Xmx1024M -Xss1m -Djava.ext.dirs=C:\sdk\build-tools\21.1.2\lib 
java_command: C:\sdk\build-tools\21.1.2\lib\dx.jar --dex --no-optimize --output C:\Users\Tim\Documents\Local_Vicinity\app\build\intermediates\dex\debug --input-list C:\Users\Tim\Documents\Local_Vicinity\app\build\intermediates\tmp\dex\debug\inputList.txt
Launcher Type: SUN_STANDARD

Environment Variables:
PATH=C:\Python27\;C:\Windows\system32;C:\Windows;C:\Windows\System32\Wbem;C:\Windows\System32\WindowsPowerShell\v1.0\;C:\Program Files (x86)\Calibre2\;C:\Program Files (x86)\MiKTeX 2.9\miktex\bin\;C:\Program Files (x86)\Google\google_appengine\
USERNAME=Tim
OS=Windows_NT
PROCESSOR_IDENTIFIER=Intel64 Family 6 Model 58 Stepping 9, GenuineIntel



---------------  S Y S T E M  ---------------

OS: Windows 8.1 , 64 bit Build 9600 

CPU:total 4 (2 cores per cpu, 2 threads per core) family 6 model 58 stepping 9, cmov, cx8, fxsr, mmx, sse, sse2, sse3, ssse3, sse4.1, sse4.2, popcnt, avx, aes, erms, ht, tsc, tscinvbit, tscinv

Memory: 4k page, physical 6188344k(924420k free), swap 10356024k(5120k free)

vm_info: Java HotSpot(TM) 64-Bit Server VM (24.65-b04) for windows-amd64 JRE (1.7.0_65-b19), built on Jul  9 2014 17:47:07 by "java_re" with unknown MS VC++:1600

time: Wed Jan 21 21:58:04 2015
elapsed time: 2 seconds

